2025-10-07 11:57:12,569 INFO root: gs_gui 启动，日志记录到 /home/chenhangwei/usv_workspace/.logs/gs_gui.log
2025-10-07 12:00:27,445 INFO root: gs_gui 启动，日志记录到 /home/chenhangwei/usv_workspace/.logs/gs_gui.log
2025-10-07 12:04:38,536 INFO root: gs_gui 启动，日志记录到 /home/chenhangwei/usv_workspace/.logs/gs_gui.log
2025-10-07 12:06:38,645 INFO root: gs_gui 启动，日志记录到 /home/chenhangwei/usv_workspace/.logs/gs_gui.log
2025-10-07 12:12:57,664 INFO root: gs_gui 启动，日志记录到 /home/chenhangwei/usv_workspace/.logs/gs_gui.log
2025-10-07 12:17:01,728 INFO root: gs_gui 启动，日志记录到 /home/chenhangwei/usv_workspace/.logs/gs_gui.log
2025-10-07 12:19:41,662 INFO root: gs_gui 启动，日志记录到 /home/chenhangwei/usv_workspace/.logs/gs_gui.log
2025-10-17 14:21:08,886 INFO root: gs_gui 启动，日志记录到 /home/chenhangwei/usv_workspace/.logs/gs_gui.log
2025-10-17 14:26:49,829 INFO root: gs_gui 启动，日志记录到 /home/chenhangwei/usv_workspace/.logs/gs_gui.log
2025-10-17 14:29:36,833 INFO root: gs_gui 启动，日志记录到 /home/chenhangwei/usv_workspace/.logs/gs_gui.log
2025-10-17 14:33:40,156 INFO root: gs_gui 启动，日志记录到 /home/chenhangwei/usv_workspace/.logs/gs_gui.log
2025-10-17 14:43:25,100 INFO root: gs_gui 启动，日志记录到 /home/chenhangwei/usv_workspace/.logs/gs_gui.log
2025-10-17 15:15:06,300 INFO root: gs_gui 启动，日志记录到 /home/chenhangwei/usv_workspace/.logs/gs_gui.log
2025-10-17 15:15:57,060 INFO root: gs_gui 启动，日志记录到 /home/chenhangwei/usv_workspace/.logs/gs_gui.log
2025-10-17 15:25:51,588 INFO root: gs_gui 启动，日志记录到 /home/chenhangwei/usv_workspace/.logs/gs_gui.log
2025-10-17 15:33:08,990 INFO root: gs_gui 启动，日志记录到 /home/chenhangwei/usv_workspace/.logs/gs_gui.log
2025-10-17 16:13:26,814 INFO root: gs_gui 启动，日志记录到 /home/chenhangwei/usv_workspace/.logs/gs_gui.log
2025-10-17 16:16:32,504 INFO root: gs_gui 启动，日志记录到 /home/chenhangwei/usv_workspace/.logs/gs_gui.log
2025-10-18 08:11:34,593 INFO root: gs_gui 启动，日志记录到 /home/chenhangwei/usv_workspace/.logs/gs_gui.log
2025-10-18 08:42:09,470 INFO root: gs_gui 启动，日志记录到 /home/chenhangwei/usv_workspace/.logs/gs_gui.log
2025-10-18 09:25:36,986 INFO root: gs_gui 启动，日志记录到 /home/chenhangwei/usv_workspace/.logs/gs_gui.log
2025-10-18 09:34:07,541 INFO root: gs_gui 启动，日志记录到 /home/chenhangwei/usv_workspace/.logs/gs_gui.log
2025-10-18 09:38:16,380 INFO root: gs_gui 启动，日志记录到 /home/chenhangwei/usv_workspace/.logs/gs_gui.log
2025-10-18 10:17:25,827 INFO root: gs_gui 启动，日志记录到 /home/chenhangwei/usv_workspace/.logs/gs_gui.log
2025-10-18 10:24:57,753 INFO root: gs_gui 启动，日志记录到 /home/chenhangwei/usv_workspace/.logs/gs_gui.log
2025-10-18 10:26:07,315 INFO root: gs_gui 启动，日志记录到 /home/chenhangwei/usv_workspace/.logs/gs_gui.log
2025-10-18 11:44:12,271 INFO root: gs_gui 启动，日志记录到 /home/chenhangwei/usv_workspace/.logs/gs_gui.log
2025-10-18 12:00:06,504 INFO root: gs_gui 启动，日志记录到 /home/chenhangwei/usv_workspace/.logs/gs_gui.log
2025-10-20 13:27:27,032 INFO root: gs_gui 启动，日志记录到 /home/chenhangwei/usv_workspace/.logs/gs_gui.log
2025-10-20 13:37:29,740 INFO root: gs_gui 启动，日志记录到 /home/chenhangwei/usv_workspace/.logs/gs_gui.log
2025-10-20 13:39:35,558 INFO root: gs_gui 启动，日志记录到 /home/chenhangwei/usv_workspace/.logs/gs_gui.log
2025-10-20 14:23:22,201 INFO root: gs_gui 启动，日志记录到 /home/chenhangwei/usv_workspace/.logs/gs_gui.log
2025-10-20 14:36:33,914 INFO root: gs_gui 启动，日志记录到 /home/chenhangwei/usv_workspace/.logs/gs_gui.log
2025-10-20 14:43:18,257 INFO root: gs_gui 启动，日志记录到 /home/chenhangwei/usv_workspace/.logs/gs_gui.log
2025-10-20 14:44:54,323 INFO root: gs_gui 启动，日志记录到 /home/chenhangwei/usv_workspace/.logs/gs_gui.log
2025-10-20 14:46:18,782 INFO root: gs_gui 启动，日志记录到 /home/chenhangwei/usv_workspace/.logs/gs_gui.log
2025-10-20 16:03:02,593 INFO root: gs_gui 启动，日志记录到 /home/chenhangwei/usv_workspace/.logs/gs_gui.log
2025-10-21 16:55:16,957 INFO root: gs_gui 启动，日志记录到 /home/chenhangwei/usv_workspace/.logs/gs_gui.log
2025-10-21 17:16:55,105 INFO root: gs_gui 启动，日志记录到 /home/chenhangwei/usv_workspace/.logs/gs_gui.log
2025-10-21 17:37:08,571 INFO root: gs_gui 启动，日志记录到 /home/chenhangwei/usv_workspace/.logs/gs_gui.log
2025-10-22 08:54:35,600 INFO root: gs_gui 启动，日志记录到 /home/chenhangwei/usv_workspace/.logs/gs_gui.log
2025-10-22 09:49:17,849 INFO root: gs_gui 启动，日志记录到 /home/chenhangwei/usv_workspace/.logs/gs_gui.log
2025-10-22 10:45:43,075 INFO root: gs_gui 启动，日志记录到 /home/chenhangwei/usv_workspace/.logs/gs_gui.log
2025-10-23 15:56:48,884 INFO root: gs_gui 启动，日志记录到 /home/chenhangwei/usv_workspace/.logs/gs_gui.log
2025-10-23 17:23:04,754 INFO root: gs_gui 启动，日志记录到 /home/chenhangwei/usv_workspace/.logs/gs_gui.log
2025-10-24 08:28:59,220 INFO root: gs_gui 启动，日志记录到 /home/chenhangwei/usv_workspace/.logs/gs_gui.log
2025-10-24 16:56:46,514 INFO root: gs_gui 启动，日志记录到 /home/chenhangwei/usv_workspace/.logs/gs_gui.log
2025-10-24 17:20:23,871 INFO root: gs_gui 启动，日志记录到 /home/chenhangwei/usv_workspace/.logs/gs_gui.log
2025-10-24 17:29:44,161 INFO root: gs_gui 启动，日志记录到 /home/chenhangwei/usv_workspace/.logs/gs_gui.log
2025-10-24 17:35:05,128 INFO root: gs_gui 启动，日志记录到 /home/chenhangwei/usv_workspace/.logs/gs_gui.log
2025-10-30 08:30:25,728 INFO root: gs_gui 启动，日志记录到 /home/chenhangwei/usv_workspace/.logs/gs_gui.log
2025-10-30 10:27:42,037 INFO root: gs_gui 启动，日志记录到 /home/chenhangwei/usv_workspace/.logs/gs_gui.log
2025-10-30 14:58:22,552 INFO root: gs_gui 启动，日志记录到 /home/chenhangwei/usv_workspace/.logs/gs_gui.log
2025-10-30 15:12:08,029 INFO root: gs_gui 启动，日志记录到 /home/chenhangwei/usv_workspace/.logs/gs_gui.log
2025-10-30 15:25:18,881 INFO root: gs_gui 启动，日志记录到 /home/chenhangwei/usv_workspace/.logs/gs_gui.log
2025-10-30 15:40:15,783 INFO root: gs_gui 启动，日志记录到 /home/chenhangwei/usv_workspace/.logs/gs_gui.log
2025-10-30 16:08:06,284 INFO root: gs_gui 启动，日志记录到 /home/chenhangwei/usv_workspace/.logs/gs_gui.log
2025-10-31 09:42:48,655 INFO root: gs_gui 启动，日志记录到 /home/chenhangwei/usv_workspace/.logs/gs_gui.log
2025-11-01 10:46:39,260 INFO root: gs_gui 启动，日志记录到 /home/chenhangwei/usv_workspace/.logs/gs_gui.log
2025-11-01 12:32:34,845 INFO root: gs_gui 启动，日志记录到 /home/chenhangwei/usv_workspace/.logs/gs_gui.log
2025-11-01 12:46:14,561 INFO root: gs_gui 启动，日志记录到 /home/chenhangwei/usv_workspace/.logs/gs_gui.log
2025-11-01 12:47:07,916 INFO root: gs_gui 启动，日志记录到 /home/chenhangwei/usv_workspace/.logs/gs_gui.log
2025-11-01 12:50:08,419 INFO root: gs_gui 启动，日志记录到 /home/chenhangwei/usv_workspace/.logs/gs_gui.log
2025-11-03 14:20:59,472 INFO root: gs_gui 启动，日志记录到 /home/chenhangwei/usv_workspace/.logs/gs_gui.log
2025-11-03 14:57:05,655 INFO root: gs_gui 启动，日志记录到 /home/chenhangwei/usv_workspace/.logs/gs_gui.log
2025-11-03 15:10:32,192 INFO root: gs_gui 启动，日志记录到 /home/chenhangwei/usv_workspace/.logs/gs_gui.log
2025-11-03 15:22:06,217 INFO root: gs_gui 启动，日志记录到 /home/chenhangwei/usv_workspace/.logs/gs_gui.log
2025-11-04 08:12:33,237 INFO root: gs_gui 启动，日志记录到 /home/chenhangwei/usv_workspace/.logs/gs_gui.log
2025-11-04 08:13:03,982 INFO root: gs_gui 启动，日志记录到 /home/chenhangwei/usv_workspace/.logs/gs_gui.log
2025-11-04 08:13:46,127 INFO root: gs_gui 启动，日志记录到 /home/chenhangwei/usv_workspace/.logs/gs_gui.log
2025-11-04 08:14:07,827 INFO root: gs_gui 启动，日志记录到 /home/chenhangwei/usv_workspace/.logs/gs_gui.log
2025-11-04 08:14:27,594 INFO root: gs_gui 启动，日志记录到 /home/chenhangwei/usv_workspace/.logs/gs_gui.log
2025-11-04 09:11:31,731 INFO root: gs_gui 启动，日志记录到 /home/chenhangwei/usv_workspace/.logs/gs_gui.log
2025-11-04 09:43:11,128 INFO root: gs_gui 启动，日志记录到 /home/chenhangwei/usv_workspace/.logs/gs_gui.log
2025-11-04 09:46:01,832 INFO root: gs_gui 启动，日志记录到 /home/chenhangwei/usv_workspace/.logs/gs_gui.log
2025-11-04 09:48:03,527 INFO root: gs_gui 启动，日志记录到 /home/chenhangwei/usv_workspace/.logs/gs_gui.log
2025-11-04 09:48:41,288 INFO root: gs_gui 启动，日志记录到 /home/chenhangwei/usv_workspace/.logs/gs_gui.log
2025-11-04 09:49:37,900 INFO root: gs_gui 启动，日志记录到 /home/chenhangwei/usv_workspace/.logs/gs_gui.log
2025-11-04 09:53:33,269 INFO root: gs_gui 启动，日志记录到 /home/chenhangwei/usv_workspace/.logs/gs_gui.log
2025-11-04 09:55:42,232 INFO root: gs_gui 启动，日志记录到 /home/chenhangwei/usv_workspace/.logs/gs_gui.log
2025-11-04 09:59:18,515 INFO root: gs_gui 启动，日志记录到 /home/chenhangwei/usv_workspace/.logs/gs_gui.log
2025-11-04 10:04:40,843 INFO root: gs_gui 启动，日志记录到 /home/chenhangwei/usv_workspace/.logs/gs_gui.log
2025-11-04 17:25:27,787 INFO root: gs_gui 启动，日志记录到 /home/chenhangwei/usv_workspace/.logs/gs_gui.log
2025-11-05 13:03:56,021 INFO root: gs_gui 启动，日志记录到 /home/chenhangwei/usv_workspace/.logs/gs_gui.log
2025-11-05 13:08:36,712 INFO root: gs_gui 启动，日志记录到 /home/chenhangwei/usv_workspace/.logs/gs_gui.log
2025-11-05 13:09:38,400 INFO root: gs_gui 启动，日志记录到 /home/chenhangwei/usv_workspace/.logs/gs_gui.log
2025-11-05 13:15:15,267 INFO root: gs_gui 启动，日志记录到 /home/chenhangwei/usv_workspace/.logs/gs_gui.log
2025-11-05 13:18:53,053 INFO root: gs_gui 启动，日志记录到 /home/chenhangwei/usv_workspace/.logs/gs_gui.log
2025-11-05 13:22:40,908 INFO root: gs_gui 启动，日志记录到 /home/chenhangwei/usv_workspace/.logs/gs_gui.log
2025-11-05 13:23:09,792 INFO root: gs_gui 启动，日志记录到 /home/chenhangwei/usv_workspace/.logs/gs_gui.log
2025-11-05 13:33:54,890 INFO root: gs_gui 启动，日志记录到 /home/chenhangwei/usv_workspace/.logs/gs_gui.log
2025-11-05 19:37:30,510 INFO root: gs_gui 启动，日志记录到 /home/chenhangwei/usv_workspace/.logs/gs_gui.log
2025-11-05 19:38:19,687 INFO root: gs_gui 启动，日志记录到 /home/chenhangwei/usv_workspace/.logs/gs_gui.log
2025-11-05 19:41:33,973 INFO root: gs_gui 启动，日志记录到 /home/chenhangwei/usv_workspace/.logs/gs_gui.log
2025-11-05 19:43:31,024 INFO root: gs_gui 启动，日志记录到 /home/chenhangwei/usv_workspace/.logs/gs_gui.log
2025-11-06 10:54:30,879 INFO root: gs_gui 启动，日志记录到 /home/chenhangwei/usv_workspace/.logs/gs_gui.log
2025-11-06 11:52:02,320 INFO root: gs_gui 启动，日志记录到 /home/chenhangwei/usv_workspace/.logs/gs_gui.log
2025-11-06 12:09:39,937 INFO root: gs_gui 启动，日志记录到 /home/chenhangwei/usv_workspace/.logs/gs_gui.log
2025-11-06 12:17:39,929 INFO root: gs_gui 启动，日志记录到 /home/chenhangwei/usv_workspace/.logs/gs_gui.log
2025-11-06 16:19:09,427 INFO root: gs_gui 启动，日志记录到 /home/chenhangwei/usv_workspace/.logs/gs_gui.log
2025-11-18 12:49:42,003 INFO root: gs_gui 启动，日志记录到 /home/chenhangwei/usv_workspace/.logs/gs_gui.log
2025-11-18 12:51:08,971 INFO root: gs_gui 启动，日志记录到 /home/chenhangwei/usv_workspace/.logs/gs_gui.log
2025-11-18 13:20:48,604 INFO root: gs_gui 启动，日志记录到 /home/chenhangwei/usv_workspace/.logs/gs_gui.log
2025-11-18 13:22:05,926 INFO root: gs_gui 启动，日志记录到 /home/chenhangwei/usv_workspace/.logs/gs_gui.log
2025-11-18 13:30:45,864 INFO root: gs_gui 启动，日志记录到 /home/chenhangwei/usv_workspace/.logs/gs_gui.log
2025-11-18 13:31:33,989 INFO root: gs_gui 启动，日志记录到 /home/chenhangwei/usv_workspace/.logs/gs_gui.log
2025-11-18 13:32:17,597 INFO root: gs_gui 启动，日志记录到 /home/chenhangwei/usv_workspace/.logs/gs_gui.log
2025-11-18 13:35:14,474 INFO root: gs_gui 启动，日志记录到 /home/chenhangwei/usv_workspace/.logs/gs_gui.log
2025-11-18 14:28:58,662 INFO root: gs_gui 启动，日志记录到 /home/chenhangwei/usv_workspace/.logs/gs_gui.log
2025-11-18 15:57:12,903 INFO root: gs_gui 启动，日志记录到 /home/chenhangwei/usv_workspace/.logs/gs_gui.log
2025-11-18 15:57:46,346 INFO root: gs_gui 启动，日志记录到 /home/chenhangwei/usv_workspace/.logs/gs_gui.log
2025-11-18 15:58:43,629 INFO root: gs_gui 启动，日志记录到 /home/chenhangwei/usv_workspace/.logs/gs_gui.log
2025-11-18 15:59:52,331 INFO root: gs_gui 启动，日志记录到 /home/chenhangwei/usv_workspace/.logs/gs_gui.log
2025-11-19 12:45:33,036 INFO root: gs_gui 启动，日志记录到 /home/chenhangwei/usv_workspace/.logs/gs_gui.log
2025-11-19 15:15:44,337 INFO root: gs_gui 启动，日志记录到 /home/chenhangwei/usv_workspace/.logs/gs_gui.log
2025-11-19 16:06:05,033 INFO root: gs_gui 启动，日志记录到 /home/chenhangwei/usv_workspace/.logs/gs_gui.log
2025-11-19 16:34:53,530 INFO root: gs_gui 启动，日志记录到 /home/chenhangwei/usv_workspace/.logs/gs_gui.log
2025-11-19 16:58:21,434 INFO root: gs_gui 启动，日志记录到 /home/chenhangwei/usv_workspace/.logs/gs_gui.log
2025-11-19 17:05:24,569 INFO root: gs_gui 启动，日志记录到 /home/chenhangwei/usv_workspace/.logs/gs_gui.log
2025-11-20 08:39:39,017 INFO root: gs_gui 启动，日志记录到 /home/chenhangwei/usv_workspace/.logs/gs_gui.log
2025-11-20 09:23:03,706 INFO root: gs_gui 启动，日志记录到 /home/chenhangwei/usv_workspace/.logs/gs_gui.log
2025-11-20 10:43:50,183 INFO root: gs_gui 启动，日志记录到 /home/chenhangwei/usv_workspace/.logs/gs_gui.log
2025-11-20 10:45:25,981 INFO common_utils.process_tracker: 清理 1 个子进程...
2025-11-20 10:45:25,982 INFO common_utils.process_tracker: 所有子进程已清理
2025-11-20 16:54:43,992 INFO root: gs_gui 启动，日志记录到 /home/chenhangwei/usv_workspace/.logs/gs_gui.log
2025-11-20 19:05:21,536 INFO root: gs_gui 启动，日志记录到 /home/chenhangwei/usv_workspace/.logs/gs_gui.log
2026-01-10 10:36:31,650 INFO root: gs_gui 启动，日志记录到 /home/chenhangwei/usv_workspace/.logs/gs_gui.log
2026-01-10 10:41:46,658 INFO root: gs_gui 启动，日志记录到 /home/chenhangwei/usv_workspace/.logs/gs_gui.log
2026-01-10 10:46:12,989 INFO root: gs_gui 启动，日志记录到 /home/chenhangwei/usv_workspace/.logs/gs_gui.log
2026-01-10 10:54:51,680 INFO root: gs_gui 启动，日志记录到 /home/chenhangwei/usv_workspace/.logs/gs_gui.log
2026-01-10 12:47:01,352 INFO root: gs_gui 启动，日志记录到 /home/chenhangwei/usv_workspace/.logs/gs_gui.log
2026-01-10 12:54:01,538 INFO root: gs_gui 启动，日志记录到 /home/chenhangwei/usv_workspace/.logs/gs_gui.log
2026-01-10 13:07:16,093 INFO root: gs_gui 启动，日志记录到 /home/chenhangwei/usv_workspace/.logs/gs_gui.log
2026-01-10 14:57:19,524 INFO root: gs_gui 启动，日志记录到 /home/chenhangwei/usv_workspace/.logs/gs_gui.log
2026-01-10 15:04:13,314 INFO root: gs_gui 启动，日志记录到 /home/chenhangwei/usv_workspace/.logs/gs_gui.log
2026-01-10 15:13:51,614 INFO root: gs_gui 启动，日志记录到 /home/chenhangwei/usv_workspace/.logs/gs_gui.log
2026-01-10 16:51:52,334 INFO root: gs_gui 启动，日志记录到 /home/chenhangwei/usv_workspace/.logs/gs_gui.log
2026-01-10 16:55:37,130 INFO common_utils.process_tracker: 清理 1 个子进程...
2026-01-10 16:55:37,131 INFO common_utils.process_tracker: 终止进程 PID=351821: USV usv_03 SSH Launch
2026-01-10 16:55:37,132 INFO common_utils.process_tracker: 所有子进程已清理
2026-01-10 17:08:25,161 INFO common_utils.process_tracker: 清理 1 个子进程...
2026-01-10 17:08:25,162 INFO common_utils.process_tracker: 终止进程 PID=357737: USV usv_03 SSH Launch
2026-01-10 17:08:25,163 INFO common_utils.process_tracker: 所有子进程已清理
2026-01-10 17:09:15,464 INFO root: gs_gui 启动，日志记录到 /home/chenhangwei/usv_workspace/.logs/gs_gui.log
2026-01-10 17:10:52,693 INFO common_utils.process_tracker: 清理 1 个子进程...
2026-01-10 17:10:52,694 INFO common_utils.process_tracker: 终止进程 PID=366716: USV usv_03 SSH Launch
2026-01-10 17:10:52,695 INFO common_utils.process_tracker: 所有子进程已清理
2026-01-10 17:16:26,206 INFO root: gs_gui 启动，日志记录到 /home/chenhangwei/usv_workspace/.logs/gs_gui.log
2026-01-10 17:20:35,252 INFO common_utils.process_tracker: 清理 1 个子进程...
2026-01-10 17:20:35,253 INFO common_utils.process_tracker: 终止进程 PID=371955: USV usv_03 SSH Launch
2026-01-10 17:20:35,257 INFO common_utils.process_tracker: 所有子进程已清理
2026-01-10 17:21:59,552 INFO root: gs_gui 启动，日志记录到 /home/chenhangwei/usv_workspace/.logs/gs_gui.log
2026-01-10 17:30:18,200 INFO SystemCommandHandler: Command successful on 192.168.68.52: echo 'c3467684' | sudo -S reboot
2026-01-11 11:19:39,658 INFO root: gs_gui 启动，日志记录到 /home/chenhangwei/usv_workspace/.logs/gs_gui.log
2026-01-11 11:40:21,743 INFO root: gs_gui 启动，日志记录到 /home/chenhangwei/usv_workspace/.logs/gs_gui.log
2026-01-11 11:51:40,480 INFO root: gs_gui 启动，日志记录到 /home/chenhangwei/usv_workspace/.logs/gs_gui.log
2026-01-11 11:53:37,768 INFO SystemCommandHandler: Command successful on 192.168.68.54: echo 'c3467684' | sudo -S reboot
2026-01-11 12:00:27,767 INFO root: gs_gui 启动，日志记录到 /home/chenhangwei/usv_workspace/.logs/gs_gui.log
2026-01-11 12:14:42,373 INFO common_utils.process_tracker: 清理 1 个子进程...
2026-01-11 12:14:42,374 INFO common_utils.process_tracker: 终止进程 PID=103109: USV usv_02 SSH Launch
2026-01-11 12:14:42,375 INFO common_utils.process_tracker: 所有子进程已清理
2026-01-11 12:25:42,663 INFO root: gs_gui 启动，日志记录到 /home/chenhangwei/usv_workspace/.logs/gs_gui.log
2026-01-11 12:37:50,723 INFO root: gs_gui 启动，日志记录到 /home/chenhangwei/usv_workspace/.logs/gs_gui.log
2026-01-11 12:48:46,562 INFO root: gs_gui 启动，日志记录到 /home/chenhangwei/usv_workspace/.logs/gs_gui.log
2026-01-11 14:54:19,776 INFO root: gs_gui 启动，日志记录到 /home/chenhangwei/usv_workspace/.logs/gs_gui.log
2026-01-11 15:01:44,804 INFO root: gs_gui 启动，日志记录到 /home/chenhangwei/usv_workspace/.logs/gs_gui.log
2026-01-11 15:23:46,386 INFO root: gs_gui 启动，日志记录到 /home/chenhangwei/usv_workspace/.logs/gs_gui.log
2026-01-11 15:33:11,554 INFO root: gs_gui 启动，日志记录到 /home/chenhangwei/usv_workspace/.logs/gs_gui.log
2026-01-11 15:40:21,196 INFO root: gs_gui 启动，日志记录到 /home/chenhangwei/usv_workspace/.logs/gs_gui.log
2026-01-11 15:44:21,402 INFO root: gs_gui 启动，日志记录到 /home/chenhangwei/usv_workspace/.logs/gs_gui.log
2026-01-11 15:54:56,409 INFO root: gs_gui 启动，日志记录到 /home/chenhangwei/usv_workspace/.logs/gs_gui.log
2026-01-11 15:59:02,954 INFO common_utils.process_tracker: 清理 1 个子进程...
2026-01-11 15:59:02,955 INFO common_utils.process_tracker: 终止进程 PID=35350: USV usv_02 SSH Launch
2026-01-11 15:59:02,956 INFO common_utils.process_tracker: 所有子进程已清理
2026-01-11 16:06:56,593 INFO root: gs_gui 启动，日志记录到 /home/chenhangwei/usv_workspace/.logs/gs_gui.log
2026-01-11 16:13:28,026 INFO root: gs_gui 启动，日志记录到 /home/chenhangwei/usv_workspace/.logs/gs_gui.log
2026-01-11 16:19:19,828 INFO root: gs_gui 启动，日志记录到 /home/chenhangwei/usv_workspace/.logs/gs_gui.log
2026-01-11 16:29:37,929 INFO root: gs_gui 启动，日志记录到 /home/chenhangwei/usv_workspace/.logs/gs_gui.log
2026-01-11 16:37:56,797 INFO root: gs_gui 启动，日志记录到 /home/chenhangwei/usv_workspace/.logs/gs_gui.log
2026-01-11 16:44:46,852 INFO root: gs_gui 启动，日志记录到 /home/chenhangwei/usv_workspace/.logs/gs_gui.log
2026-01-11 16:55:48,866 INFO root: gs_gui 启动，日志记录到 /home/chenhangwei/usv_workspace/.logs/gs_gui.log
2026-01-11 17:06:52,488 INFO root: gs_gui 启动，日志记录到 /home/chenhangwei/usv_workspace/.logs/gs_gui.log
2026-01-11 17:11:28,987 INFO root: gs_gui 启动，日志记录到 /home/chenhangwei/usv_workspace/.logs/gs_gui.log
2026-01-11 17:16:39,214 INFO root: gs_gui 启动，日志记录到 /home/chenhangwei/usv_workspace/.logs/gs_gui.log
2026-01-11 17:22:59,012 INFO root: gs_gui 启动，日志记录到 /home/chenhangwei/usv_workspace/.logs/gs_gui.log
2026-01-11 17:26:26,137 INFO root: gs_gui 启动，日志记录到 /home/chenhangwei/usv_workspace/.logs/gs_gui.log
2026-01-11 17:26:53,781 INFO root: gs_gui 启动，日志记录到 /home/chenhangwei/usv_workspace/.logs/gs_gui.log
2026-01-11 17:44:12,326 INFO root: gs_gui 启动，日志记录到 /home/chenhangwei/usv_workspace/.logs/gs_gui.log
2026-01-11 17:46:50,158 INFO root: gs_gui 启动，日志记录到 /home/chenhangwei/usv_workspace/.logs/gs_gui.log
2026-01-11 17:51:04,364 INFO root: gs_gui 启动，日志记录到 /home/chenhangwei/usv_workspace/.logs/gs_gui.log
2026-01-12 09:33:44,243 INFO root: gs_gui 启动，日志记录到 /home/chenhangwei/usv_workspace/.logs/gs_gui.log
2026-01-12 10:47:18,660 INFO root: gs_gui 启动，日志记录到 /home/chenhangwei/usv_workspace/.logs/gs_gui.log
2026-01-12 13:13:23,697 INFO root: gs_gui 启动，日志记录到 /home/chenhangwei/usv_workspace/.logs/gs_gui.log
2026-01-12 13:32:47,883 INFO root: gs_gui 启动，日志记录到 /home/chenhangwei/usv_workspace/.logs/gs_gui.log
2026-01-12 13:43:31,670 INFO root: gs_gui 启动，日志记录到 /home/chenhangwei/usv_workspace/.logs/gs_gui.log
2026-01-12 17:46:18,359 INFO root: gs_gui 启动，日志记录到 /home/chenhangwei/usv_workspace/.logs/gs_gui.log
2026-01-12 18:05:36,841 INFO root: gs_gui 启动，日志记录到 /home/chenhangwei/usv_workspace/.logs/gs_gui.log
2026-01-13 08:15:57,586 INFO root: gs_gui 启动，日志记录到 /home/chenhangwei/usv_workspace/.logs/gs_gui.log
2026-01-13 08:27:33,045 INFO root: gs_gui 启动，日志记录到 /home/chenhangwei/usv_workspace/.logs/gs_gui.log
2026-01-13 08:39:48,804 INFO root: gs_gui 启动，日志记录到 /home/chenhangwei/usv_workspace/.logs/gs_gui.log
2026-01-13 08:46:36,756 INFO root: gs_gui 启动，日志记录到 /home/chenhangwei/usv_workspace/.logs/gs_gui.log
2026-01-13 08:50:41,210 INFO root: gs_gui 启动，日志记录到 /home/chenhangwei/usv_workspace/.logs/gs_gui.log
2026-01-13 08:54:10,857 INFO root: gs_gui 启动，日志记录到 /home/chenhangwei/usv_workspace/.logs/gs_gui.log
2026-01-13 08:59:05,823 INFO root: gs_gui 启动，日志记录到 /home/chenhangwei/usv_workspace/.logs/gs_gui.log
2026-01-13 09:01:48,343 INFO root: gs_gui 启动，日志记录到 /home/chenhangwei/usv_workspace/.logs/gs_gui.log
2026-01-13 09:10:09,927 INFO root: gs_gui 启动，日志记录到 /home/chenhangwei/usv_workspace/.logs/gs_gui.log
2026-01-13 09:16:09,286 INFO root: gs_gui 启动，日志记录到 /home/chenhangwei/usv_workspace/.logs/gs_gui.log
2026-01-13 09:22:00,721 INFO root: gs_gui 启动，日志记录到 /home/chenhangwei/usv_workspace/.logs/gs_gui.log
2026-01-13 09:32:45,623 INFO root: gs_gui 启动，日志记录到 /home/chenhangwei/usv_workspace/.logs/gs_gui.log
2026-01-13 09:44:53,980 INFO root: gs_gui 启动，日志记录到 /home/chenhangwei/usv_workspace/.logs/gs_gui.log
2026-01-13 09:56:02,097 INFO root: gs_gui 启动，日志记录到 /home/chenhangwei/usv_workspace/.logs/gs_gui.log
2026-01-13 10:08:46,616 INFO root: gs_gui 启动，日志记录到 /home/chenhangwei/usv_workspace/.logs/gs_gui.log
2026-01-13 10:18:24,166 INFO root: gs_gui 启动，日志记录到 /home/chenhangwei/usv_workspace/.logs/gs_gui.log
2026-01-13 11:00:29,923 INFO root: gs_gui 启动，日志记录到 /home/chenhangwei/usv_workspace/.logs/gs_gui.log
2026-01-13 11:06:12,653 INFO root: gs_gui 启动，日志记录到 /home/chenhangwei/usv_workspace/.logs/gs_gui.log
2026-01-13 11:12:41,349 INFO root: gs_gui 启动，日志记录到 /home/chenhangwei/usv_workspace/.logs/gs_gui.log
2026-01-13 11:13:05,152 INFO root: gs_gui 启动，日志记录到 /home/chenhangwei/usv_workspace/.logs/gs_gui.log
2026-01-13 11:38:39,157 INFO root: gs_gui 启动，日志记录到 /home/chenhangwei/usv_workspace/.logs/gs_gui.log
2026-01-13 12:40:21,122 INFO root: gs_gui 启动，日志记录到 /home/chenhangwei/usv_workspace/.logs/gs_gui.log
2026-01-13 13:22:19,126 INFO root: gs_gui 启动，日志记录到 /home/chenhangwei/usv_workspace/.logs/gs_gui.log
2026-01-13 13:24:24,082 INFO SystemCommandHandler: Command successful on 192.168.68.54: echo 'c3467684' | sudo -S reboot
2026-01-13 13:24:26,463 INFO SystemCommandHandler: Command successful on 192.168.68.52: echo 'c3467684' | sudo -S reboot
2026-01-13 13:29:06,633 INFO common_utils.process_tracker: 清理 2 个子进程...
2026-01-13 13:29:06,633 INFO common_utils.process_tracker: 终止进程 PID=177948: USV usv_02 SSH Launch
2026-01-13 13:29:06,635 INFO common_utils.process_tracker: 终止进程 PID=177969: USV usv_03 SSH Launch
2026-01-13 13:29:06,636 INFO common_utils.process_tracker: 所有子进程已清理
2026-01-13 13:37:56,459 INFO root: gs_gui 启动，日志记录到 /home/chenhangwei/usv_workspace/.logs/gs_gui.log
2026-01-13 13:58:19,169 INFO root: gs_gui 启动，日志记录到 /home/chenhangwei/usv_workspace/.logs/gs_gui.log
2026-01-13 14:08:44,983 INFO root: gs_gui 启动，日志记录到 /home/chenhangwei/usv_workspace/.logs/gs_gui.log
2026-01-13 14:27:48,754 INFO root: gs_gui 启动，日志记录到 /home/chenhangwei/usv_workspace/.logs/gs_gui.log
2026-01-15 13:32:50,311 INFO root: gs_gui 启动，日志记录到 /home/chenhangwei/usv_workspace/.logs/gs_gui.log
2026-01-15 17:07:39,354 INFO common_utils.process_tracker: 清理 2 个子进程...
2026-01-15 17:07:39,357 INFO common_utils.process_tracker: 终止进程 PID=256359: USV usv_02 SSH Launch
2026-01-15 17:07:39,360 INFO common_utils.process_tracker: 终止进程 PID=256386: USV usv_03 SSH Launch
2026-01-15 17:07:39,364 INFO common_utils.process_tracker: 所有子进程已清理
2026-01-15 17:08:37,057 INFO root: gs_gui 启动，日志记录到 /home/chenhangwei/usv_workspace/.logs/gs_gui.log
2026-01-15 18:15:36,893 INFO SystemCommandHandler: Command successful on 192.168.68.54: echo 'c3467684' | sudo -S reboot
2026-01-15 18:15:39,841 INFO SystemCommandHandler: Command successful on 192.168.68.52: echo 'c3467684' | sudo -S reboot
2026-01-16 16:30:57,800 INFO root: gs_gui 启动，日志记录到 /home/chenhangwei/usv_workspace/.logs/gs_gui.log
2026-01-16 17:01:03,413 INFO common_utils.process_tracker: 接收到信号 2,清理子进程...
2026-01-16 17:01:08,413 INFO common_utils.process_tracker: 接收到信号 15,清理子进程...
2026-01-21 17:45:16,272 INFO root: gs_gui 启动，日志记录到 /home/chenhangwei/usv_workspace/.logs/gs_gui.log
2026-01-21 18:01:41,869 INFO root: gs_gui 启动，日志记录到 /home/chenhangwei/usv_workspace/.logs/gs_gui.log
2026-01-21 18:04:48,880 INFO root: gs_gui 启动，日志记录到 /home/chenhangwei/usv_workspace/.logs/gs_gui.log
2026-01-21 18:07:57,498 INFO root: gs_gui 启动，日志记录到 /home/chenhangwei/usv_workspace/.logs/gs_gui.log
2026-01-23 10:33:29,689 INFO root: gs_gui 启动，日志记录到 /home/chenhangwei/usv_workspace/.logs/gs_gui.log
2026-01-23 14:45:37,037 INFO root: gs_gui 启动，日志记录到 /home/chenhangwei/usv_workspace/.logs/gs_gui.log
2026-01-23 14:57:45,727 INFO root: gs_gui 启动，日志记录到 /home/chenhangwei/usv_workspace/.logs/gs_gui.log
2026-01-23 15:27:24,680 INFO root: gs_gui 启动，日志记录到 /home/chenhangwei/usv_workspace/.logs/gs_gui.log
2026-01-24 19:15:15,631 INFO root: gs_gui 启动，日志记录到 /home/chenhangwei/usv_workspace/.logs/gs_gui.log
2026-01-25 09:52:06,135 INFO root: gs_gui 启动，日志记录到 /home/chenhangwei/usv_workspace/.logs/gs_gui.log
2026-01-25 10:43:35,656 INFO root: gs_gui 启动，日志记录到 /home/chenhangwei/usv_workspace/.logs/gs_gui.log
2026-01-25 11:57:03,901 INFO root: gs_gui 启动，日志记录到 /home/chenhangwei/usv_workspace/.logs/gs_gui.log
2026-01-25 13:11:44,120 INFO root: gs_gui 启动，日志记录到 /home/chenhangwei/usv_workspace/.logs/gs_gui.log
2026-01-25 14:19:38,668 INFO root: gs_gui 启动，日志记录到 /home/chenhangwei/usv_workspace/.logs/gs_gui.log
2026-01-27 14:01:22,290 INFO root: gs_gui 启动，日志记录到 /home/chenhangwei/usv_workspace/.logs/gs_gui.log
2026-01-27 15:16:59,313 INFO root: gs_gui 启动，日志记录到 /home/chenhangwei/usv_workspace/.logs/gs_gui.log
2026-01-27 15:17:09,780 INFO SystemCommandHandler: Command successful on 192.168.68.54: echo 'c3467684' | sudo -S reboot
2026-01-27 15:17:13,799 INFO SystemCommandHandler: Command successful on 192.168.68.52: echo 'c3467684' | sudo -S reboot
2026-01-27 15:32:10,071 INFO root: gs_gui 启动，日志记录到 /home/chenhangwei/usv_workspace/.logs/gs_gui.log
2026-01-29 11:43:13,931 INFO root: gs_gui 启动，日志记录到 /home/chenhangwei/usv_workspace/.logs/gs_gui.log
